#
# There is insufficient memory for the Java Runtime Environment to continue.
# Native memory allocation (mmap) failed to map 536870912 bytes for G1 virtual space
# Possible reasons:
#   The system is out of physical RAM or swap space
#   The process is running with CompressedOops enabled, and the Java Heap may be blocking the growth of the native heap
# Possible solutions:
#   Reduce memory load on the system
#   Increase physical memory or swap space
#   Check if swap backing store is full
#   Decrease Java heap size (-Xmx/-Xms)
#   Decrease number of Java threads
#   Decrease Java thread stack sizes (-Xss)
#   Set larger code cache with -XX:ReservedCodeCacheSize=
#   JVM is running with Zero Based Compressed Oops mode in which the Java heap is
#     placed in the first 32GB address space. The Java Heap base address is the
#     maximum limit for the native heap growth. Please use -XX:HeapBaseMinAddress
#     to set the Java Heap base and to place the Java Heap above 32GB virtual address.
# This output file may be truncated or incomplete.
#
#  Out of Memory Error (os_windows.cpp:3548), pid=25844, tid=38260
#
# JRE version:  (17.0.10+11) (build )
# Java VM: Java HotSpot(TM) 64-Bit Server VM (17.0.10+11-LTS-240, mixed mode, sharing, tiered, compressed oops, compressed class ptrs, g1 gc, windows-amd64)
# No core dump will be written. Minidumps are not enabled by default on client versions of Windows
#

---------------  S U M M A R Y ------------

Command Line: 

Host: Intel(R) Core(TM) i7-9700 CPU @ 3.00GHz, 8 cores, 31G,  Windows 11 , 64 bit Build 26100 (10.0.26100.7623)
Time: Thu Mar 26 12:10:45 2026 Pacific Daylight Time elapsed time: 0.834378 seconds (0d 0h 0m 0s)

---------------  T H R E A D  ---------------

Current thread (0x0000020b1db66330):  JavaThread "Unknown thread" [_thread_in_vm, id=38260, stack(0x000000d554700000,0x000000d554800000)]

Stack: [0x000000d554700000,0x000000d554800000]
Native frames: (J=compiled Java code, j=interpreted, Vv=VM code, C=native code)
V  [jvm.dll+0x677a5a]
V  [jvm.dll+0x7d8b2d]
V  [jvm.dll+0x7da48e]
V  [jvm.dll+0x7daaf3]
V  [jvm.dll+0x2455ff]
V  [jvm.dll+0x6749b9]
V  [jvm.dll+0x669382]
V  [jvm.dll+0x302e96]
V  [jvm.dll+0x30a416]
V  [jvm.dll+0x359cbe]
V  [jvm.dll+0x359eef]
V  [jvm.dll+0x2d9e88]
V  [jvm.dll+0x2dadf4]
V  [jvm.dll+0x7aa551]
V  [jvm.dll+0x367911]
V  [jvm.dll+0x789639]
V  [jvm.dll+0x3eb30f]
V  [jvm.dll+0x3ecd91]
C  [jli.dll+0x5297]
C  [ucrtbase.dll+0x37b0]
C  [KERNEL32.DLL+0x2e8d7]
C  [ntdll.dll+0x8c53c]


---------------  P R O C E S S  ---------------

Threads class SMR info:
_java_thread_list=0x00007fff68036a18, length=0, elements={
}

Java Threads: ( => current thread )

Other Threads:
  0x0000020b1dc15940 GCTaskThread "GC Thread#0" [stack: 0x000000d554800000,0x000000d554900000] [id=53372]
  0x0000020b1dc26790 ConcurrentGCThread "G1 Main Marker" [stack: 0x000000d554900000,0x000000d554a00000] [id=23132]
  0x0000020b1dc27e70 ConcurrentGCThread "G1 Conc#0" [stack: 0x000000d554a00000,0x000000d554b00000] [id=47068]

[error occurred during error reporting (printing all threads), id 0xc0000005, EXCEPTION_ACCESS_VIOLATION (0xc0000005) at pc=0x00007fff6786aae7]

VM state: not at safepoint (not fully initialized)

VM Mutex/Monitor currently owned by a thread:  ([mutex/lock_event])
[0x0000020b1db632a0] Heap_lock - owner thread: 0x0000020b1db66330

Heap address: 0x0000000602000000, size: 8160 MB, Compressed Oops mode: Zero based, Oop shift amount: 3

CDS archive(s) mapped at: [0x0000000000000000-0x0000000000000000-0x0000000000000000), size 0, SharedBaseAddress: 0x0000000800000000, ArchiveRelocationMode: 1.
Narrow klass base: 0x0000000000000000, Narrow klass shift: 0, Narrow klass range: 0x0

GC Precious Log:
<Empty>

Heap:
 garbage-first heap   total 0K, used 0K [0x0000000602000000, 0x0000000800000000)
  region size 4096K, 0 young (0K), 0 survivors (0K)

[error occurred during error reporting (printing heap information), id 0xc0000005, EXCEPTION_ACCESS_VIOLATION (0xc0000005) at pc=0x00007fff67c51249]

GC Heap History (0 events):
No events

Deoptimization events (0 events):
No events

Classes unloaded (0 events):
No events

Classes redefined (0 events):
No events

Internal exceptions (0 events):
No events

VM Operations (0 events):
No events

Events (1 events):
Event: 0.009 Loaded shared library C:\Program Files\Java\jdk-17\bin\java.dll


Dynamic libraries:
0x00007ff78ffb0000 - 0x00007ff78ffc0000 	C:\Program Files\Java\jdk-17\bin\java.exe
0x00007ff89b260000 - 0x00007ff89b4c7000 	C:\WINDOWS\SYSTEM32\ntdll.dll
0x00007ff899e60000 - 0x00007ff899f29000 	C:\WINDOWS\System32\KERNEL32.DLL
0x00007ff8985d0000 - 0x00007ff8989bf000 	C:\WINDOWS\System32\KERNELBASE.dll
0x00007ff898a90000 - 0x00007ff898bdb000 	C:\WINDOWS\System32\ucrtbase.dll
0x00007ff870630000 - 0x00007ff870649000 	C:\Program Files\Java\jdk-17\bin\jli.dll
0x00007ff86b2d0000 - 0x00007ff86b2eb000 	C:\Program Files\Java\jdk-17\bin\VCRUNTIME140.dll
0x00007ff89a310000 - 0x00007ff89a3c4000 	C:\WINDOWS\System32\ADVAPI32.dll
0x00007ff899020000 - 0x00007ff8990c9000 	C:\WINDOWS\System32\msvcrt.dll
0x00007ff89b170000 - 0x00007ff89b216000 	C:\WINDOWS\System32\sechost.dll
0x00007ff899d40000 - 0x00007ff899e58000 	C:\WINDOWS\System32\RPCRT4.dll
0x00007ff8996e0000 - 0x00007ff8998a5000 	C:\WINDOWS\System32\USER32.dll
0x00007ff883720000 - 0x00007ff8839b3000 	C:\WINDOWS\WinSxS\amd64_microsoft.windows.common-controls_6595b64144ccf1df_6.0.26100.7309_none_3e05feeae336a044\COMCTL32.dll
0x00007ff898c90000 - 0x00007ff898cb7000 	C:\WINDOWS\System32\win32u.dll
0x00007ff89a2e0000 - 0x00007ff89a30b000 	C:\WINDOWS\System32\GDI32.dll
0x00007ff898cc0000 - 0x00007ff898dec000 	C:\WINDOWS\System32\gdi32full.dll
0x00007ff898be0000 - 0x00007ff898c83000 	C:\WINDOWS\System32\msvcp_win.dll
0x00007ff88e330000 - 0x00007ff88e33b000 	C:\WINDOWS\SYSTEM32\VERSION.dll
0x00007ff899150000 - 0x00007ff899181000 	C:\WINDOWS\System32\IMM32.DLL
0x00007ff882320000 - 0x00007ff88232c000 	C:\Program Files\Java\jdk-17\bin\vcruntime140_1.dll
0x00007ff8652d0000 - 0x00007ff86535e000 	C:\Program Files\Java\jdk-17\bin\msvcp140.dll
0x00007fff67580000 - 0x00007fff6815f000 	C:\Program Files\Java\jdk-17\bin\server\jvm.dll
0x00007ff89a400000 - 0x00007ff89a408000 	C:\WINDOWS\System32\PSAPI.DLL
0x00007ff8836e0000 - 0x00007ff883715000 	C:\WINDOWS\SYSTEM32\WINMM.dll
0x00007ff884530000 - 0x00007ff88453a000 	C:\WINDOWS\SYSTEM32\WSOCK32.dll
0x00007ff899f30000 - 0x00007ff899fa4000 	C:\WINDOWS\System32\WS2_32.dll
0x00007ff897120000 - 0x00007ff89713b000 	C:\WINDOWS\SYSTEM32\kernel.appcore.dll
0x00007ff8821c0000 - 0x00007ff8821ca000 	C:\Program Files\Java\jdk-17\bin\jimage.dll
0x00007ff895d10000 - 0x00007ff895f52000 	C:\WINDOWS\SYSTEM32\DBGHELP.DLL
0x00007ff8992c0000 - 0x00007ff899646000 	C:\WINDOWS\System32\combase.dll
0x00007ff89a200000 - 0x00007ff89a2d6000 	C:\WINDOWS\System32\OLEAUT32.dll
0x00007ff887450000 - 0x00007ff88748c000 	C:\WINDOWS\SYSTEM32\dbgcore.DLL
0x00007ff8983b0000 - 0x00007ff898455000 	C:\WINDOWS\System32\bcryptPrimitives.dll
0x00007ff867b20000 - 0x00007ff867b45000 	C:\Program Files\Java\jdk-17\bin\java.dll

dbghelp: loaded successfully - version: 4.0.5 - missing functions: none
symbol engine: initialized successfully - sym options: 0x614 - pdb path: .;C:\Program Files\Java\jdk-17\bin;C:\WINDOWS\SYSTEM32;C:\WINDOWS\WinSxS\amd64_microsoft.windows.common-controls_6595b64144ccf1df_6.0.26100.7309_none_3e05feeae336a044;C:\Program Files\Java\jdk-17\bin\server

VM Arguments:
java_command: <unknown>
java_class_path (initial): <not set>
Launcher Type: SUN_STANDARD

[Global flags]
     intx CICompilerCount                          = 4                                         {product} {ergonomic}
     uint ConcGCThreads                            = 2                                         {product} {ergonomic}
     uint G1ConcRefinementThreads                  = 8                                         {product} {ergonomic}
   size_t G1HeapRegionSize                         = 4194304                                   {product} {ergonomic}
    uintx GCDrainStackTargetSize                   = 64                                        {product} {ergonomic}
   size_t InitialHeapSize                          = 536870912                                 {product} {ergonomic}
   size_t MarkStackSize                            = 4194304                                   {product} {ergonomic}
   size_t MaxHeapSize                              = 8556380160                                {product} {ergonomic}
   size_t MinHeapDeltaBytes                        = 4194304                                   {product} {ergonomic}
   size_t MinHeapSize                              = 8388608                                   {product} {ergonomic}
    uintx NonNMethodCodeHeapSize                   = 5839372                                {pd product} {ergonomic}
    uintx NonProfiledCodeHeapSize                  = 122909434                              {pd product} {ergonomic}
    uintx ProfiledCodeHeapSize                     = 122909434                              {pd product} {ergonomic}
    uintx ReservedCodeCacheSize                    = 251658240                              {pd product} {ergonomic}
     bool SegmentedCodeCache                       = true                                      {product} {ergonomic}
   size_t SoftMaxHeapSize                          = 8556380160                             {manageable} {ergonomic}
     bool UseCompressedClassPointers               = true                           {product lp64_product} {ergonomic}
     bool UseCompressedOops                        = true                           {product lp64_product} {ergonomic}
     bool UseG1GC                                  = true                                      {product} {ergonomic}
     bool UseLargePagesIndividualAllocation        = false                                  {pd product} {ergonomic}

Logging:
Log output configuration:
 #0: stdout all=warning uptime,level,tags
 #1: stderr all=off uptime,level,tags

Environment Variables:
PATH=C:\Program Files\PowerShell\7;C:\Program Files\Alacritty\;C:\Program Files\Common Files\Oracle\Java\javapath;C:\Python310\Scripts\;C:\Python310\;C:\Windows\system32;C:\Windows;C:\Windows\System32\Wbem;C:\Windows\System32\WindowsPowerShell\v1.0\;C:\Windows\System32\OpenSSH\;C:\Program Files\Microsoft SQL Server\130\Tools\Binn\;C:\Program Files\Git\cmd;C:\Users\paulm\AppData\Roaming\nvm;C:\Program Files\nodejs;C:\Program Files\Microsoft SQL Server\150\Tools\Binn\;C:\Program Files\Microsoft SQL Server\Client SDK\ODBC\170\Tools\Binn\;C:\ProgramData\chocolatey\bin;C:\WINDOWS\system32;C:\WINDOWS;C:\WINDOWS\System32\Wbem;C:\WINDOWS\System32\WindowsPowerShell\v1.0\;C:\WINDOWS\System32\OpenSSH\;C:\Program Files\dotnet\;c:\tools;C:\Program Files\Amazon\AWSCLIV2\;C:\Program Files (x86)\dotnet\;C:\Program Files\CMake\bin;C:\Strawberry\c\bin;C:\Strawberry\perl\site\bin;C:\Program Files (x86)\Gow\bin;c:\Program Files\gitui\bin\;C:\Program Files (x86)\Windows Kits\10\Windows Performance Toolkit\;C:\Program Files\nodejs\;C:\Program Files\Docker\Docker\resources\bin;C:\Program Files (x86)\Yarn\bin\;C:\ProgramData\chocolatey\lib\maven\apache-maven-3.9.6\bin;c:\Users\paulm\AppData\Local\Programs\cursor\resources\app\bin;;C:\WINDOWS\system32;C:\WINDOWS;C:\WINDOWS\System32\Wbem;C:\WINDOWS\System32\WindowsPowerShell\v1.0\;C:\WINDOWS\System32\OpenSSH\;C:\Users\paulm\AppData\Local\Muse Hub\lib;C:\Program Files\PowerShell\7\;C:\Program Files\GitHub CLI\;C:\Program Files\Alacritty\;C:\Program Files\Common Files\Oracle\Java\javapath;C:\Python310\Scripts\;C:\Python310\;C:\Windows\system32;C:\Windows;C:\Windows\System32\Wbem;C:\Windows\System32\WindowsPowerShell\v1.0\;C:\Windows\System32\OpenSSH\;C:\Program Files\Microsoft SQL Server\130\Tools\Binn\;C:\Program Files\Git\cmd;C:\Users\paulm\AppData\Roaming\nvm;C:\Program Files\nodejs;C:\Program Files\Microsoft SQL Server\150\Tools\Binn\;C:\Program Files\Microsoft SQL Server\Client SDK\ODBC\170\Tools\Binn\;C:\ProgramData\chocolatey\bin;C:\WINDOW
USERNAME=paulm
OS=Windows_NT
PROCESSOR_IDENTIFIER=Intel64 Family 6 Model 158 Stepping 13, GenuineIntel



---------------  S Y S T E M  ---------------

OS:
 Windows 11 , 64 bit Build 26100 (10.0.26100.7623)
OS uptime: 19 days 21:35 hours
Hyper-V role detected

CPU: total 8 (initial active 8) (8 cores per cpu, 1 threads per core) family 6 model 158 stepping 13 microcode 0xfa, cx8, cmov, fxsr, mmx, 3dnowpref, sse, sse2, sse3, ssse3, sse4.1, sse4.2, popcnt, lzcnt, tsc, tscinvbit, avx, avx2, aes, erms, clmul, bmi1, bmi2, adx, fma, vzeroupper, clflush, clflushopt, hv

Memory: 4k page, system-wide physical 32637M (7285M free)
TotalPageFile size 130941M (AvailPageFile size 560M)
current process WorkingSet (physical memory assigned to process): 12M, peak: 12M
current process commit charge ("private bytes"): 60M, peak: 573M

vm_info: Java HotSpot(TM) 64-Bit Server VM (17.0.10+11-LTS-240) for windows-amd64 JRE (17.0.10+11-LTS-240), built on Dec 19 2023 21:47:25 by "mach5one" with MS VC++ 17.1 (VS2022)

END.
